<?xml version="1.0" encoding="UTF-8"?>
<!-- Generated by org.testng.reporters.JUnitReportReporter -->
<testsuite hostname="deep-shah" failures="0" tests="1" name="com.example.tests.ContactUsTest" time="24.397" errors="0" timestamp="2023-11-22T11:50:23 IST" skipped="0">
  <testcase classname="com.example.tests.ContactUsTest" name="careerContactUS" time="24.397"/>
  <system-out/>
</testsuite> <!-- com.example.tests.ContactUsTest -->
