<?xml version="1.0" encoding="UTF-8"?>
<!-- Generated by org.testng.reporters.JUnitReportReporter -->
<testsuite hostname="deep-shah" failures="0" tests="1" name="com.example.tests.ensureXpertLoginLogoutTest" time="0.708" errors="0" timestamp="2023-11-21T14:16:44 IST" skipped="0">
  <testcase classname="com.example.tests.ensureXpertLoginLogoutTest" name="login" time="0.708"/>
  <system-out/>
</testsuite> <!-- com.example.tests.ensureXpertLoginLogoutTest -->
