<?xml version="1.0" encoding="UTF-8"?>
<!-- Generated by org.testng.reporters.JUnitReportReporter -->
<testsuite hostname="deep-shah" failures="0" tests="2" name="com.example.tests.example" time="0.557" errors="0" timestamp="2023-11-16T14:45:01 IST" skipped="0">
  <testcase classname="com.example.tests.example" name="test1" time="0.523"/>
  <system-out/>
  <testcase classname="com.example.tests.example" name="test" time="0.034"/>
  <system-out/>
</testsuite> <!-- com.example.tests.example -->
